


ARM Macro Assembler    Page 1 


    1 00000000                 AREA             |.text|, CODE, READONLY, ALIGN=
2
    2 00000000                 THUMB
    3 00000000         
    4 00000000         ;;;;;;;;;;;;;;;;;;;;;;;;;;;;;;;;;;;;;;;;;;;;;;;;;;;;;;;;
                       ;;;;;;;;;;;;;;;;;;;;;;;;;;;;;;;
    5 00000000         ; System Timer Definition
    6 00000000 E000E010 
                       STCTRL  EQU              0xE000E010  ; SysTick Control a
                                                            nd Status Register
    7 00000000 E000E014 
                       STRELOAD
                               EQU              0xE000E014  ; SysTick Reload Va
                                                            lue Register
    8 00000000 E000E018 
                       STCURRENT
                               EQU              0xE000E018  ; SysTick Current V
                                                            alue Register
    9 00000000         
   10 00000000 00000004 
                       STCTRL_STOP
                               EQU              0x00000004  ; Bit 2 (CLK_SRC) =
                                                             1, Bit 1 (INT_EN) 
                                                            = 0, Bit 0 (ENABLE)
                                                             = 0
   11 00000000 00000007 
                       STCTRL_GO
                               EQU              0x00000007  ; Bit 2 (CLK_SRC) =
                                                             1, Bit 1 (INT_EN) 
                                                            = 1, Bit 0 (ENABLE)
                                                             = 1
   12 00000000 00FFFFFF 
                       STRELOAD_MX
                               EQU              0x00FFFFFF  ; MAX Value = 1/16M
                                                            Hz * 16M = 1 second
                                                            
   13 00000000 00000000 
                       STCURR_CLR
                               EQU              0x00000000  ; Clear STCURRENT a
                                                            nd STCTRL.COUNT 
   14 00000000 0000000E 
                       SIGALRM EQU              14          ; sig alarm
   15 00000000         
   16 00000000         ; System Variables
   17 00000000 20007B80 
                       SECOND_LEFT
                               EQU              0x20007B80  ; Secounds left for
                                                             alarm( )
   18 00000000 20007B84 
                       USR_HANDLER
                               EQU              0x20007B84  ; Address of a user
                                                            -given signal handl
                                                            er function 
   19 00000000         
   20 00000000         ;;;;;;;;;;;;;;;;;;;;;;;;;;;;;;;;;;;;;;;;;;;;;;;;;;;;;;;;
                       ;;;;;;;;;;;;;;;;;;;;;;;;;;;;;;;
   21 00000000         ; Timer initialization
   22 00000000                 EXPORT           _timer_init
   23 00000000         _timer_init



ARM Macro Assembler    Page 2 


   24 00000000         
   25 00000000 491A            LDR              R1, =STCTRL
   26 00000002 F04F 0004       LDR              R0, =STCTRL_STOP
   27 00000006 6008            STR              R0, [R1]
   28 00000008 4919            LDR              R1, =STRELOAD
   29 0000000A F06F 407F       LDR              R0, =STRELOAD_MX
   30 0000000E 6008            STR              R0, [R1]
   31 00000010         
   32 00000010 4818            LDR              r0, =STCURRENT
   33 00000012 F04F 0100       MOV              r1, #0
   34 00000016 6001            STR              r1, [r0]
   35 00000018         
   36 00000018 46F7            MOV              pc, lr
   37 0000001A         
   38 0000001A         ;;;;;;;;;;;;;;;;;;;;;;;;;;;;;;;;;;;;;;;;;;;;;;;;;;;;;;;;
                       ;;;;;;;;;;;;;;;;;;;;;;;;;;;;;;;
   39 0000001A         ; Timer start
   40 0000001A                 EXPORT           _timer_start
   41 0000001A         _timer_start
   42 0000001A 4917            LDR              R1, =SECOND_LEFT
   43 0000001C 680A            LDR              R2, [R1]
   44 0000001E 6008            STR              R0, [R1]
   45 00000020         
   46 00000020 4B12            LDR              R3, =STCTRL
   47 00000022 F04F 0407       LDR              R4, =STCTRL_GO
   48 00000026 601C            STR              R4, [R3]
   49 00000028         
   50 00000028 4D12            LDR              R5, =STCURRENT
   51 0000002A F04F 0600       MOV              R6, #0x00000000
   52 0000002E 602E            STR              R6, [R5]
   53 00000030         
   54 00000030 4610            MOV              R0, R2
   55 00000032         
   56 00000032 46F7            MOV              pc, lr
   57 00000034         
   58 00000034         ;;;;;;;;;;;;;;;;;;;;;;;;;;;;;;;;;;;;;;;;;;;;;;;;;;;;;;;;
                       ;;;;;;;;;;;;;;;;;;;;;;;;;;;;;;;
   59 00000034         ; Timer update
   60 00000034         
   61 00000034                 EXPORT           _timer_update
   62 00000034         _timer_update
   63 00000034 4910            LDR              R1, =SECOND_LEFT
   64 00000036 680A            LDR              R2, [R1]
   65 00000038 F1A2 0201       SUB              R2, R2, #1
   66 0000003C 600A            STR              R2, [R1]
   67 0000003E         
   68 0000003E 2A00            CMP              R2, #0
   69 00000040 D10A            BNE              _timer_update_done
   70 00000042         
   71 00000042 4B0A            LDR              R3, =STCTRL
   72 00000044 F04F 0404       LDR              R4, =STCTRL_STOP
   73 00000048 601C            STR              R4, [R3]
   74 0000004A         
   75 0000004A 4D0C            LDR              R5, =USR_HANDLER
   76 0000004C 682E            LDR              R6, [R5]
   77 0000004E         
   78 0000004E E92D 5FFE       STMFD            sp!, {r1-r12,lr}
   79 00000052 47B0            BLX              R6
   80 00000054 E8BD 5FFE       LDMFD            sp!, {r1-r12,lr}



ARM Macro Assembler    Page 3 


   81 00000058         
   82 00000058         _timer_update_done
   83 00000058 46F7            MOV              pc, lr
   84 0000005A         
   85 0000005A         
   86 0000005A         ;;;;;;;;;;;;;;;;;;;;;;;;;;;;;;;;;;;;;;;;;;;;;;;;;;;;;;;;
                       ;;;;;;;;;;;;;;;;;;;;;;;;;;;;;;;
   87 0000005A         ; Timer update
   88 0000005A         
   89 0000005A                 EXPORT           _signal_handler
   90 0000005A         _signal_handler
   91 0000005A B404            PUSH             {R2}
   92 0000005C 280E            CMP              R0, #SIGALRM
   93 0000005E D103            BNE              handler_return
   94 00000060         
   95 00000060         handle_SIGALRM
   96 00000060 4A06            LDR              R2, =USR_HANDLER
   97 00000062 6813            LDR              R3, [R2]
   98 00000064 6011            STR              R1, [R2]
   99 00000066 4618            MOV              R0, R3
  100 00000068         
  101 00000068         handler_return
  102 00000068 BC04            POP              {R2}
  103 0000006A 46F7            MOV              pc, lr
  104 0000006C         
  105 0000006C                 END
              E000E010 
              E000E014 
              E000E018 
              20007B80 
              20007B84 
Command Line: --debug --xref --diag_suppress=9931 --cpu=Cortex-M4.fp --apcs=int
erwork --depend=.\objects\timer.d -o.\objects\timer.o -I.\RTE\_Target_1 -I"C:\P
rogram Files\Keil\ARM\PACK\ARM\CMSIS\5.9.0\CMSIS\Core\Include" -I"C:\Program Fi
les\Keil\ARM\PACK\Keil\TM4C_DFP\1.1.0\Device\Include\TM4C129" --predefine="__EV
AL SETA 1" --predefine="__UVISION_VERSION SETA 526" --predefine="_RTE_ SETA 1" 
--predefine="TM4C129XNCZAD SETA 1" --list=.\listings\timer.lst timer.s



ARM Macro Assembler    Page 1 Alphabetic symbol ordering
Relocatable symbols

.text 00000000

Symbol: .text
   Definitions
      At line 1 in file timer.s
   Uses
      None
Comment: .text unused
_signal_handler 0000005A

Symbol: _signal_handler
   Definitions
      At line 90 in file timer.s
   Uses
      At line 89 in file timer.s
Comment: _signal_handler used once
_timer_init 00000000

Symbol: _timer_init
   Definitions
      At line 23 in file timer.s
   Uses
      At line 22 in file timer.s
Comment: _timer_init used once
_timer_start 0000001A

Symbol: _timer_start
   Definitions
      At line 41 in file timer.s
   Uses
      At line 40 in file timer.s
Comment: _timer_start used once
_timer_update 00000034

Symbol: _timer_update
   Definitions
      At line 62 in file timer.s
   Uses
      At line 61 in file timer.s
Comment: _timer_update used once
_timer_update_done 00000058

Symbol: _timer_update_done
   Definitions
      At line 82 in file timer.s
   Uses
      At line 69 in file timer.s
Comment: _timer_update_done used once
handle_SIGALRM 00000060

Symbol: handle_SIGALRM
   Definitions
      At line 95 in file timer.s
   Uses
      None
Comment: handle_SIGALRM unused
handler_return 00000068

Symbol: handler_return



ARM Macro Assembler    Page 2 Alphabetic symbol ordering
Relocatable symbols

   Definitions
      At line 101 in file timer.s
   Uses
      At line 93 in file timer.s
Comment: handler_return used once
8 symbols



ARM Macro Assembler    Page 1 Alphabetic symbol ordering
Absolute symbols

SECOND_LEFT 20007B80

Symbol: SECOND_LEFT
   Definitions
      At line 17 in file timer.s
   Uses
      At line 42 in file timer.s
      At line 63 in file timer.s

SIGALRM 0000000E

Symbol: SIGALRM
   Definitions
      At line 14 in file timer.s
   Uses
      At line 92 in file timer.s
Comment: SIGALRM used once
STCTRL E000E010

Symbol: STCTRL
   Definitions
      At line 6 in file timer.s
   Uses
      At line 25 in file timer.s
      At line 46 in file timer.s
      At line 71 in file timer.s

STCTRL_GO 00000007

Symbol: STCTRL_GO
   Definitions
      At line 11 in file timer.s
   Uses
      At line 47 in file timer.s
Comment: STCTRL_GO used once
STCTRL_STOP 00000004

Symbol: STCTRL_STOP
   Definitions
      At line 10 in file timer.s
   Uses
      At line 26 in file timer.s
      At line 72 in file timer.s

STCURRENT E000E018

Symbol: STCURRENT
   Definitions
      At line 8 in file timer.s
   Uses
      At line 32 in file timer.s
      At line 50 in file timer.s

STCURR_CLR 00000000

Symbol: STCURR_CLR
   Definitions
      At line 13 in file timer.s
   Uses



ARM Macro Assembler    Page 2 Alphabetic symbol ordering
Absolute symbols

      None
Comment: STCURR_CLR unused
STRELOAD E000E014

Symbol: STRELOAD
   Definitions
      At line 7 in file timer.s
   Uses
      At line 28 in file timer.s
Comment: STRELOAD used once
STRELOAD_MX 00FFFFFF

Symbol: STRELOAD_MX
   Definitions
      At line 12 in file timer.s
   Uses
      At line 29 in file timer.s
Comment: STRELOAD_MX used once
USR_HANDLER 20007B84

Symbol: USR_HANDLER
   Definitions
      At line 18 in file timer.s
   Uses
      At line 75 in file timer.s
      At line 96 in file timer.s

10 symbols
355 symbols in table
